#-----------------------------------------------------------
# PlanAhead v14.7 (64-bit)
# Build 321239 by xbuild on Fri Sep 27 19:29:51 MDT 2013
# Start of session at: Thu Oct 08 14:54:01 2020
# Process ID: 37368
# Log file: C:/Users/dunkdink/Desktop/Digital2D-master/lab5/planAhead_run_2/planAhead.log
# Journal file: C:/Users/dunkdink/Desktop/Digital2D-master/lab5/planAhead_run_2/planAhead.jou
#-----------------------------------------------------------
INFO: [Common 17-78] Attempting to get a license: PlanAhead
INFO: [Common 17-290] Got license for PlanAhead
INFO: [Device 21-36] Loading parts and site information from C:/Xilinx/14.7/ISE_DS/PlanAhead/data/parts/arch.xml
Parsing RTL primitives file [C:/Xilinx/14.7/ISE_DS/PlanAhead/data/parts/xilinx/rtl/prims/rtl_prims.xml]
Finished parsing RTL primitives file [C:/Xilinx/14.7/ISE_DS/PlanAhead/data/parts/xilinx/rtl/prims/rtl_prims.xml]
start_gui
source C:/Users/dunkdink/Desktop/Digital2D-master/lab5/pa.fromHdl.tcl
# create_project -name lab5 -dir "C:/Users/dunkdink/Desktop/Digital2D-master/lab5/planAhead_run_3" -part xc6slx9tqg144-3
# set_param project.pinAheadLayout yes
# set srcset [get_property srcset [current_run -impl]]
# set_property target_constrs_file "C:/Users/dunkdink/Desktop/Digital2D-master/lab5/lab5sch.ucf" [current_fileset -constrset]
Adding file 'C:/Users/dunkdink/Desktop/Digital2D-master/lab5/lab5sch.ucf' to fileset 'constrs_1'
# set hdlfile [add_files [list {lab5sch.vhf}]]
# set_property file_type VHDL $hdlfile
# set_property library work $hdlfile
# set_property top lab5sch $srcset
# add_files [list {lab5sch.ucf}] -fileset [get_property constrset [current_run]]
# add_files [list {dink.ucf}] -fileset [get_property constrset [current_run]]
# open_rtl_design -part xc6slx9tqg144-3
Using Verific elaboration
Parsing VHDL file "C:/Xilinx/14.7/ISE_DS/PlanAhead/data/parts/xilinx/rtl/lib/synplify/synattr.vhd" into library synplify
Parsing VHDL file "C:/Xilinx/14.7/ISE_DS/PlanAhead/data/parts/xilinx/rtl/lib/synplify/synattr.vhd" into library synplify
Parsing VHDL file "C:/Users/dunkdink/Desktop/Digital2D-master/lab5/lab5sch.vhf" into library work
Loading clock regions from C:/Xilinx/14.7/ISE_DS/PlanAhead/data\parts/xilinx/spartan6/spartan6lx/xc6slx9/ClockRegion.xml
Loading clock buffers from C:/Xilinx/14.7/ISE_DS/PlanAhead/data\parts/xilinx/spartan6/spartan6lx/xc6slx9/ClockBuffers.xml
Loading package pin functions from C:/Xilinx/14.7/ISE_DS/PlanAhead/data\parts/xilinx/spartan6/PinFunctions.xml...
Loading package from C:/Xilinx/14.7/ISE_DS/PlanAhead/data\parts/xilinx/spartan6/spartan6lx/xc6slx9/tqg144/Package.xml
Loading io standards from C:/Xilinx/14.7/ISE_DS/PlanAhead/data\./parts/xilinx/spartan6/IOStandards.xml
Loading device configuration modes from C:/Xilinx/14.7/ISE_DS/PlanAhead/data\parts/xilinx/spartan6/ConfigModes.xml
Loading list of drcs for the architecture : C:/Xilinx/14.7/ISE_DS/PlanAhead/data\./parts/xilinx/spartan6/drc.xml
Parsing UCF File [C:/Users/dunkdink/Desktop/Digital2D-master/lab5/lab5sch.ucf]
Finished Parsing UCF File [C:/Users/dunkdink/Desktop/Digital2D-master/lab5/lab5sch.ucf]
Parsing UCF File [C:/Users/dunkdink/Desktop/Digital2D-master/lab5/dink.ucf]
Finished Parsing UCF File [C:/Users/dunkdink/Desktop/Digital2D-master/lab5/dink.ucf]
INFO: [Project 1-111] Unisim Transformation Summary:
No Unisim elements were transformed.

Phase 0 | Netlist Checksum: d7a741bc
open_rtl_design: Time (s): elapsed = 00:00:09 . Memory (MB): peak = 693.879 ; gain = 168.082
update_compile_order -fileset sim_1
exit
ERROR: [PlanAhead 12-106] *** Exception: ui.h.b: Found deleted key in HTclEventBroker. Verify if the classes listed here call cleanup()
HTclEvent: SIGNAL_MODIFY   Classes: ui.views.aR 
HTclEvent: DEBUG_CORE_CONFIG_CHANGE   Classes: ui.views.aR 
HTclEvent: DEBUG_PORT_CONFIG_CHANGE   Classes: ui.views.aR 
HTclEvent: SIGNAL_BUS_MODIFY   Classes: ui.views.aR 
 (See C:/Users/dunkdink/Desktop/Digital2D-master/lab5\planAhead_pid37368.debug)
ERROR: [Common 17-39] 'stop_gui' failed due to earlier errors.
INFO: [Common 17-206] Exiting PlanAhead at Thu Oct 08 14:58:45 2020...
INFO: [Common 17-83] Releasing license: PlanAhead
