Release 14.7 - ngc2edif P.20131013 (nt64)
Copyright (c) 1995-2013 Xilinx, Inc.  All rights reserved.
Reading design lab8.ngc ...
WARNING:NetListWriters:298 - No output is written to lab8.xncf, ignored.
Processing design ...
   Preping design's networks ...
   Preping design's macros ...
  finished :Prep
Writing EDIF netlist file lab8.edif ...
ngc2edif: Total memory usage is 4321548 kilobytes

Release 14.7 - ngc2edif P.20131013 (nt64)
Copyright (c) 1995-2013 Xilinx, Inc.  All rights reserved.
Reading design lab8.ngc ...
WARNING:NetListWriters:298 - No output is written to lab8.xncf, ignored.
Processing design ...
   Preping design's networks ...
   Preping design's macros ...
  finished :Prep
Writing EDIF netlist file lab8.edif ...
ngc2edif: Total memory usage is 4322120 kilobytes

Release 14.7 - ngc2edif P.20131013 (nt64)
Copyright (c) 1995-2013 Xilinx, Inc.  All rights reserved.
Reading design lab8.ngc ...
WARNING:NetListWriters:298 - No output is written to lab8.xncf, ignored.
Processing design ...
   Preping design's networks ...
   Preping design's macros ...
  finished :Prep
Writing EDIF netlist file lab8.edif ...
ngc2edif: Total memory usage is 4325644 kilobytes

