#-----------------------------------------------------------
# PlanAhead v14.7 (64-bit)
# Build 321239 by xbuild on Fri Sep 27 19:29:51 MDT 2013
# Start of session at: Thu Oct 29 14:13:05 2020
# Process ID: 7640
# Log file: C:/Users/dunkdink/Desktop/Digital2D-master/lab8/planAhead_run_4/planAhead.log
# Journal file: C:/Users/dunkdink/Desktop/Digital2D-master/lab8/planAhead_run_4/planAhead.jou
#-----------------------------------------------------------
INFO: [Common 17-78] Attempting to get a license: PlanAhead
INFO: [Common 17-290] Got license for PlanAhead
INFO: [Device 21-36] Loading parts and site information from C:/Xilinx/14.7/ISE_DS/PlanAhead/data/parts/arch.xml
Parsing RTL primitives file [C:/Xilinx/14.7/ISE_DS/PlanAhead/data/parts/xilinx/rtl/prims/rtl_prims.xml]
Finished parsing RTL primitives file [C:/Xilinx/14.7/ISE_DS/PlanAhead/data/parts/xilinx/rtl/prims/rtl_prims.xml]
start_gui
source C:/Users/dunkdink/Desktop/Digital2D-master/lab8/pa.fromNetlist.tcl
# create_project -name lab8 -dir "C:/Users/dunkdink/Desktop/Digital2D-master/lab8/planAhead_run_5" -part xc6slx9tqg144-3
# set_property design_mode GateLvl [get_property srcset [current_run -impl]]
# set_property edif_top_file "C:/Users/dunkdink/Desktop/Digital2D-master/lab8/lab8.ngc" [ get_property srcset [ current_run ] ]
# add_files -norecurse { {C:/Users/dunkdink/Desktop/Digital2D-master/lab8} }
# set_property target_constrs_file "lab8.ucf" [current_fileset -constrset]
Adding file 'C:/Users/dunkdink/Desktop/Digital2D-master/lab8/lab8.ucf' to fileset 'constrs_1'
# add_files [list {lab8.ucf}] -fileset [get_property constrset [current_run]]
# link_design
Design is defaulting to srcset: sources_1
Design is defaulting to constrset: constrs_1
Design is defaulting to project part: xc6slx9tqg144-3
Release 14.7 - ngc2edif P.20131013 (nt64)
Copyright (c) 1995-2013 Xilinx, Inc.  All rights reserved.
Reading design lab8.ngc ...
WARNING:NetListWriters:298 - No output is written to lab8.xncf, ignored.
Processing design ...
   Preping design's networks ...
   Preping design's macros ...
  finished :Prep
Writing EDIF netlist file lab8.edif ...
ngc2edif: Total memory usage is 4321548 kilobytes

Parsing EDIF File [./planAhead_run_5/lab8.data/cache/lab8_ngc_zx.edif]
Finished Parsing EDIF File [./planAhead_run_5/lab8.data/cache/lab8_ngc_zx.edif]
INFO: [Netlist 29-17] Analyzing 1 Unisim elements for replacement
INFO: [Netlist 29-28] Unisim Transformation completed in 0 CPU seconds
Loading clock regions from C:/Xilinx/14.7/ISE_DS/PlanAhead/data\parts/xilinx/spartan6/spartan6lx/xc6slx9/ClockRegion.xml
Loading clock buffers from C:/Xilinx/14.7/ISE_DS/PlanAhead/data\parts/xilinx/spartan6/spartan6lx/xc6slx9/ClockBuffers.xml
Loading package pin functions from C:/Xilinx/14.7/ISE_DS/PlanAhead/data\parts/xilinx/spartan6/PinFunctions.xml...
Loading package from C:/Xilinx/14.7/ISE_DS/PlanAhead/data\parts/xilinx/spartan6/spartan6lx/xc6slx9/tqg144/Package.xml
Loading io standards from C:/Xilinx/14.7/ISE_DS/PlanAhead/data\./parts/xilinx/spartan6/IOStandards.xml
Loading device configuration modes from C:/Xilinx/14.7/ISE_DS/PlanAhead/data\parts/xilinx/spartan6/ConfigModes.xml
Loading list of drcs for the architecture : C:/Xilinx/14.7/ISE_DS/PlanAhead/data\./parts/xilinx/spartan6/drc.xml
Parsing UCF File [C:/Users/dunkdink/Desktop/Digital2D-master/lab8/lab8.ucf]
Finished Parsing UCF File [C:/Users/dunkdink/Desktop/Digital2D-master/lab8/lab8.ucf]
INFO: [Project 1-111] Unisim Transformation Summary:
  A total of 1 instances were transformed.
  BUFGP => BUFGP (IBUF, BUFG): 1 instances

Phase 0 | Netlist Checksum: 94b67afc
link_design: Time (s): elapsed = 00:00:09 . Memory (MB): peak = 680.617 ; gain = 182.453
exit
ERROR: [PlanAhead 12-106] *** Exception: ui.h.b: Found deleted key in HTclEventBroker. Verify if the classes listed here call cleanup()
HTclEvent: SIGNAL_MODIFY   Classes: ui.views.aR 
HTclEvent: SIGNAL_BUS_MODIFY   Classes: ui.views.aR 
HTclEvent: DEBUG_PORT_CONFIG_CHANGE   Classes: ui.views.aR 
HTclEvent: DEBUG_CORE_CONFIG_CHANGE   Classes: ui.views.aR 
 (See C:/Users/dunkdink/Desktop/Digital2D-master/lab8\planAhead_pid7640.debug)
ERROR: [Common 17-39] 'stop_gui' failed due to earlier errors.
INFO: [Common 17-206] Exiting PlanAhead at Thu Oct 29 14:13:32 2020...
INFO: [Common 17-83] Releasing license: PlanAhead
