#-----------------------------------------------------------
# PlanAhead v14.7 (64-bit)
# Build 321239 by xbuild on Fri Sep 27 19:29:51 MDT 2013
# Start of session at: Wed Oct 21 19:20:17 2020
# Process ID: 40884
# Log file: C:/Users/dunkdink/Desktop/Digital2D-master/lab6/planAhead_run_1/planAhead.log
# Journal file: C:/Users/dunkdink/Desktop/Digital2D-master/lab6/planAhead_run_1/planAhead.jou
#-----------------------------------------------------------
INFO: [Common 17-78] Attempting to get a license: PlanAhead
INFO: [Common 17-290] Got license for PlanAhead
INFO: [Device 21-36] Loading parts and site information from C:/Xilinx/14.7/ISE_DS/PlanAhead/data/parts/arch.xml
Parsing RTL primitives file [C:/Xilinx/14.7/ISE_DS/PlanAhead/data/parts/xilinx/rtl/prims/rtl_prims.xml]
Finished parsing RTL primitives file [C:/Xilinx/14.7/ISE_DS/PlanAhead/data/parts/xilinx/rtl/prims/rtl_prims.xml]
start_gui
source C:/Users/dunkdink/Desktop/Digital2D-master/lab6/pa.fromHdl.tcl
# create_project -name lab6 -dir "C:/Users/dunkdink/Desktop/Digital2D-master/lab6/planAhead_run_1" -part xc6slx9tqg144-3
# set_param project.pinAheadLayout yes
# set srcset [get_property srcset [current_run -impl]]
# set_property target_constrs_file "lab6.ucf" [current_fileset -constrset]
Adding file 'C:/Users/dunkdink/Desktop/Digital2D-master/lab6/lab6.ucf' to fileset 'constrs_1'
# set hdlfile [add_files [list {lab6.vhf}]]
# set_property file_type VHDL $hdlfile
# set_property library work $hdlfile
# set_property top lab6 $srcset
# add_files [list {lab6.ucf}] -fileset [get_property constrset [current_run]]
# open_rtl_design -part xc6slx9tqg144-3
Using Verific elaboration
Parsing VHDL file "C:/Xilinx/14.7/ISE_DS/PlanAhead/data/parts/xilinx/rtl/lib/synplify/synattr.vhd" into library synplify
Parsing VHDL file "C:/Xilinx/14.7/ISE_DS/PlanAhead/data/parts/xilinx/rtl/lib/synplify/synattr.vhd" into library synplify
Parsing VHDL file "C:/Users/dunkdink/Desktop/Digital2D-master/lab6/lab6.vhf" into library work
Loading clock regions from C:/Xilinx/14.7/ISE_DS/PlanAhead/data\parts/xilinx/spartan6/spartan6lx/xc6slx9/ClockRegion.xml
Loading clock buffers from C:/Xilinx/14.7/ISE_DS/PlanAhead/data\parts/xilinx/spartan6/spartan6lx/xc6slx9/ClockBuffers.xml
Loading package pin functions from C:/Xilinx/14.7/ISE_DS/PlanAhead/data\parts/xilinx/spartan6/PinFunctions.xml...
Loading package from C:/Xilinx/14.7/ISE_DS/PlanAhead/data\parts/xilinx/spartan6/spartan6lx/xc6slx9/tqg144/Package.xml
Loading io standards from C:/Xilinx/14.7/ISE_DS/PlanAhead/data\./parts/xilinx/spartan6/IOStandards.xml
Loading device configuration modes from C:/Xilinx/14.7/ISE_DS/PlanAhead/data\parts/xilinx/spartan6/ConfigModes.xml
Loading list of drcs for the architecture : C:/Xilinx/14.7/ISE_DS/PlanAhead/data\./parts/xilinx/spartan6/drc.xml
Parsing UCF File [C:/Users/dunkdink/Desktop/Digital2D-master/lab6/lab6.ucf]
CRITICAL WARNING: [Constraints 18-5] Cannot loc instance 'XLXI_121/D1_D0_MUX_1' at site P59, Unknown instance type 'RTL_MUX' [C:/Users/dunkdink/Desktop/Digital2D-master/lab6/lab6.ucf:3]
CRITICAL WARNING: [Constraints 18-5] Cannot loc instance 'XLXI_118/D1_D0_MUX_1' at site P61, Unknown instance type 'RTL_MUX' [C:/Users/dunkdink/Desktop/Digital2D-master/lab6/lab6.ucf:5]
CRITICAL WARNING: [Constraints 18-5] Cannot loc instance 'XLXI_119/D1_D0_MUX_1' at site P62, Unknown instance type 'RTL_MUX' [C:/Users/dunkdink/Desktop/Digital2D-master/lab6/lab6.ucf:7]
CRITICAL WARNING: [Constraints 18-5] Cannot loc instance 'XLXI_120/D1_D0_MUX_1' at site P66, Unknown instance type 'RTL_MUX' [C:/Users/dunkdink/Desktop/Digital2D-master/lab6/lab6.ucf:9]
Finished Parsing UCF File [C:/Users/dunkdink/Desktop/Digital2D-master/lab6/lab6.ucf]
INFO: [Designutils 20-20] Invalid constraints found, use command 'write_ucf -constraints invalid <file>' to save all the invalid constraints to a file
INFO: [Project 1-111] Unisim Transformation Summary:
No Unisim elements were transformed.

Phase 0 | Netlist Checksum: 53908a8a
open_rtl_design: Time (s): elapsed = 00:00:08 . Memory (MB): peak = 688.074 ; gain = 170.977
update_compile_order -fileset sim_1
exit
ERROR: [PlanAhead 12-106] *** Exception: ui.h.b: Found deleted key in HTclEventBroker. Verify if the classes listed here call cleanup()
HTclEvent: DEBUG_CORE_CONFIG_CHANGE   Classes: ui.views.aR 
HTclEvent: SIGNAL_MODIFY   Classes: ui.views.aR 
HTclEvent: DEBUG_PORT_CONFIG_CHANGE   Classes: ui.views.aR 
HTclEvent: SIGNAL_BUS_MODIFY   Classes: ui.views.aR 
 (See C:/Users/dunkdink/Desktop/Digital2D-master/lab6\planAhead_pid40884.debug)
ERROR: [Common 17-39] 'stop_gui' failed due to earlier errors.
INFO: [Common 17-206] Exiting PlanAhead at Wed Oct 21 19:21:00 2020...
INFO: [Common 17-83] Releasing license: PlanAhead
